Performing C SOURCE FILE Test CMAKE_HAVE_LIBC_PTHREAD failed with the following output:
Change Dir: C:/Users/Linus.DESKTOP-1M6GUKP/OneDrive - Kt. SG BLD/hä/Desktop/programmieren/Darts/cmake-build-release/CMakeFiles/CMakeScratch/TryCompile-urs4of

Run Build Command(s):C:/Users/Linus.DESKTOP-1M6GUKP/AppData/Local/JetBrains/Toolbox/apps/CLion/ch-0/231.9011.31/bin/ninja/win/x64/ninja.exe cmTC_73c12 && [1/2] Building C object CMakeFiles\cmTC_73c12.dir\src.c.obj
FAILED: CMakeFiles/cmTC_73c12.dir/src.c.obj 
C:\PROGRA~2\MICROS~2\2019\COMMUN~1\VC\Tools\MSVC\1429~1.301\bin\Hostx86\x86\cl.exe  /nologo -DCMAKE_HAVE_LIBC_PTHREAD  /DWIN32 /D_WINDOWS /W3 -finput-charset=UTF-8  /MDd /Zi /Ob0 /Od /RTC1 /showIncludes /FoCMakeFiles\cmTC_73c12.dir\src.c.obj /FdCMakeFiles\cmTC_73c12.dir\ /FS -c "C:\Users\Linus.DESKTOP-1M6GUKP\OneDrive - Kt. SG BLD\hΣ\Desktop\programmieren\Darts\cmake-build-release\CMakeFiles\CMakeScratch\TryCompile-urs4of\src.c"
cl : Command line warning D9002 : ignoring unknown option '-finput-charset=UTF-8'
C:\Users\Linus.DESKTOP-1M6GUKP\OneDrive - Kt. SG BLD\hä\Desktop\programmieren\Darts\cmake-build-release\CMakeFiles\CMakeScratch\TryCompile-urs4of\src.c(1): fatal error C1083: Cannot open include file: 'pthread.h': No such file or directory
ninja: build stopped: subcommand failed.


Source file was:
#include <pthread.h>

static void* test_func(void* data)
{
  return data;
}

int main(void)
{
  pthread_t thread;
  pthread_create(&thread, NULL, test_func, NULL);
  pthread_detach(thread);
  pthread_cancel(thread);
  pthread_join(thread, NULL);
  pthread_atfork(NULL, NULL, NULL);
  pthread_exit(NULL);

  return 0;
}


Determining if the function pthread_create exists in the pthreads failed with the following output:
Change Dir: C:/Users/Linus.DESKTOP-1M6GUKP/OneDrive - Kt. SG BLD/hä/Desktop/programmieren/Darts/cmake-build-release/CMakeFiles/CMakeScratch/TryCompile-zho7jc

Run Build Command(s):C:/Users/Linus.DESKTOP-1M6GUKP/AppData/Local/JetBrains/Toolbox/apps/CLion/ch-0/231.9011.31/bin/ninja/win/x64/ninja.exe cmTC_b4129 && [1/2] Building C object CMakeFiles\cmTC_b4129.dir\CheckFunctionExists.c.obj
cl : Command line warning D9002 : ignoring unknown option '-finput-charset=UTF-8'
[2/2] Linking C executable cmTC_b4129.exe
FAILED: cmTC_b4129.exe 
cmd.exe /C "cd . && C:\Users\Linus.DESKTOP-1M6GUKP\AppData\Local\JetBrains\Toolbox\apps\CLion\ch-0\231.9011.31\bin\cmake\win\x64\bin\cmake.exe -E vs_link_exe --intdir=CMakeFiles\cmTC_b4129.dir --rc=C:\PROGRA~2\WI3CF2~1\10\bin\100190~1.0\x86\rc.exe --mt=C:\PROGRA~2\WI3CF2~1\10\bin\100190~1.0\x86\mt.exe --manifests  -- C:\PROGRA~2\MICROS~2\2019\COMMUN~1\VC\Tools\MSVC\1429~1.301\bin\Hostx86\x86\link.exe /nologo CMakeFiles\cmTC_b4129.dir\CheckFunctionExists.c.obj  /out:cmTC_b4129.exe /implib:cmTC_b4129.lib /pdb:cmTC_b4129.pdb /version:0.0 /machine:X86  /debug /INCREMENTAL /subsystem:console  pthreads.lib  kernel32.lib user32.lib gdi32.lib winspool.lib shell32.lib ole32.lib oleaut32.lib uuid.lib comdlg32.lib advapi32.lib && cd ."
LINK Pass 1: command "C:\PROGRA~2\MICROS~2\2019\COMMUN~1\VC\Tools\MSVC\1429~1.301\bin\Hostx86\x86\link.exe /nologo CMakeFiles\cmTC_b4129.dir\CheckFunctionExists.c.obj /out:cmTC_b4129.exe /implib:cmTC_b4129.lib /pdb:cmTC_b4129.pdb /version:0.0 /machine:X86 /debug /INCREMENTAL /subsystem:console pthreads.lib kernel32.lib user32.lib gdi32.lib winspool.lib shell32.lib ole32.lib oleaut32.lib uuid.lib comdlg32.lib advapi32.lib /MANIFEST /MANIFESTFILE:CMakeFiles\cmTC_b4129.dir/intermediate.manifest CMakeFiles\cmTC_b4129.dir/manifest.res" failed (exit code 1104) with the following output:
LINK : fatal error LNK1104: cannot open file 'pthreads.lib'
ninja: build stopped: subcommand failed.



Determining if the function pthread_create exists in the pthread failed with the following output:
Change Dir: C:/Users/Linus.DESKTOP-1M6GUKP/OneDrive - Kt. SG BLD/hä/Desktop/programmieren/Darts/cmake-build-release/CMakeFiles/CMakeScratch/TryCompile-xzrx32

Run Build Command(s):C:/Users/Linus.DESKTOP-1M6GUKP/AppData/Local/JetBrains/Toolbox/apps/CLion/ch-0/231.9011.31/bin/ninja/win/x64/ninja.exe cmTC_7c489 && [1/2] Building C object CMakeFiles\cmTC_7c489.dir\CheckFunctionExists.c.obj
cl : Command line warning D9002 : ignoring unknown option '-finput-charset=UTF-8'
[2/2] Linking C executable cmTC_7c489.exe
FAILED: cmTC_7c489.exe 
cmd.exe /C "cd . && C:\Users\Linus.DESKTOP-1M6GUKP\AppData\Local\JetBrains\Toolbox\apps\CLion\ch-0\231.9011.31\bin\cmake\win\x64\bin\cmake.exe -E vs_link_exe --intdir=CMakeFiles\cmTC_7c489.dir --rc=C:\PROGRA~2\WI3CF2~1\10\bin\100190~1.0\x86\rc.exe --mt=C:\PROGRA~2\WI3CF2~1\10\bin\100190~1.0\x86\mt.exe --manifests  -- C:\PROGRA~2\MICROS~2\2019\COMMUN~1\VC\Tools\MSVC\1429~1.301\bin\Hostx86\x86\link.exe /nologo CMakeFiles\cmTC_7c489.dir\CheckFunctionExists.c.obj  /out:cmTC_7c489.exe /implib:cmTC_7c489.lib /pdb:cmTC_7c489.pdb /version:0.0 /machine:X86  /debug /INCREMENTAL /subsystem:console  pthread.lib  kernel32.lib user32.lib gdi32.lib winspool.lib shell32.lib ole32.lib oleaut32.lib uuid.lib comdlg32.lib advapi32.lib && cd ."
LINK Pass 1: command "C:\PROGRA~2\MICROS~2\2019\COMMUN~1\VC\Tools\MSVC\1429~1.301\bin\Hostx86\x86\link.exe /nologo CMakeFiles\cmTC_7c489.dir\CheckFunctionExists.c.obj /out:cmTC_7c489.exe /implib:cmTC_7c489.lib /pdb:cmTC_7c489.pdb /version:0.0 /machine:X86 /debug /INCREMENTAL /subsystem:console pthread.lib kernel32.lib user32.lib gdi32.lib winspool.lib shell32.lib ole32.lib oleaut32.lib uuid.lib comdlg32.lib advapi32.lib /MANIFEST /MANIFESTFILE:CMakeFiles\cmTC_7c489.dir/intermediate.manifest CMakeFiles\cmTC_7c489.dir/manifest.res" failed (exit code 1104) with the following output:
LINK : fatal error LNK1104: cannot open file 'pthread.lib'
ninja: build stopped: subcommand failed.



